Performing C SOURCE FILE Test CMAKE_HAVE_LIBC_PTHREAD failed with the following output:
Change Dir: /home/ubuntu/ros2_ws/src/YDLidar-SDK/build/CMakeFiles/CMakeTmp

Run Build Command(s):/bin/make cmTC_12bff/fast && /bin/make -f CMakeFiles/cmTC_12bff.dir/build.make CMakeFiles/cmTC_12bff.dir/build
make[1]: Entering directory '/home/ubuntu/ros2_ws/src/YDLidar-SDK/build/CMakeFiles/CMakeTmp'
Building C object CMakeFiles/cmTC_12bff.dir/src.c.o
/bin/cc   -DCMAKE_HAVE_LIBC_PTHREAD   -o CMakeFiles/cmTC_12bff.dir/src.c.o   -c /home/ubuntu/ros2_ws/src/YDLidar-SDK/build/CMakeFiles/CMakeTmp/src.c
Linking C executable cmTC_12bff
/usr/bin/cmake -E cmake_link_script CMakeFiles/cmTC_12bff.dir/link.txt --verbose=1
/bin/cc  -DCMAKE_HAVE_LIBC_PTHREAD    -rdynamic CMakeFiles/cmTC_12bff.dir/src.c.o  -o cmTC_12bff 
/bin/ld: CMakeFiles/cmTC_12bff.dir/src.c.o: in function `main':
src.c:(.text+0x46): undefined reference to `pthread_create'
/bin/ld: src.c:(.text+0x52): undefined reference to `pthread_detach'
/bin/ld: src.c:(.text+0x63): undefined reference to `pthread_join'
collect2: error: ld returned 1 exit status
make[1]: *** [CMakeFiles/cmTC_12bff.dir/build.make:87: cmTC_12bff] Error 1
make[1]: Leaving directory '/home/ubuntu/ros2_ws/src/YDLidar-SDK/build/CMakeFiles/CMakeTmp'
make: *** [Makefile:121: cmTC_12bff/fast] Error 2


Source file was:
#include <pthread.h>

void* test_func(void* data)
{
  return data;
}

int main(void)
{
  pthread_t thread;
  pthread_create(&thread, NULL, test_func, NULL);
  pthread_detach(thread);
  pthread_join(thread, NULL);
  pthread_atfork(NULL, NULL, NULL);
  pthread_exit(NULL);

  return 0;
}

Determining if the function pthread_create exists in the pthreads failed with the following output:
Change Dir: /home/ubuntu/ros2_ws/src/YDLidar-SDK/build/CMakeFiles/CMakeTmp

Run Build Command(s):/bin/make cmTC_573d6/fast && /bin/make -f CMakeFiles/cmTC_573d6.dir/build.make CMakeFiles/cmTC_573d6.dir/build
make[1]: Entering directory '/home/ubuntu/ros2_ws/src/YDLidar-SDK/build/CMakeFiles/CMakeTmp'
Building C object CMakeFiles/cmTC_573d6.dir/CheckFunctionExists.c.o
/bin/cc   -DCHECK_FUNCTION_EXISTS=pthread_create   -o CMakeFiles/cmTC_573d6.dir/CheckFunctionExists.c.o   -c /usr/share/cmake-3.16/Modules/CheckFunctionExists.c
Linking C executable cmTC_573d6
/usr/bin/cmake -E cmake_link_script CMakeFiles/cmTC_573d6.dir/link.txt --verbose=1
/bin/cc  -DCHECK_FUNCTION_EXISTS=pthread_create    -rdynamic CMakeFiles/cmTC_573d6.dir/CheckFunctionExists.c.o  -o cmTC_573d6  -lpthreads 
/bin/ld: cannot find -lpthreads
collect2: error: ld returned 1 exit status
make[1]: *** [CMakeFiles/cmTC_573d6.dir/build.make:87: cmTC_573d6] Error 1
make[1]: Leaving directory '/home/ubuntu/ros2_ws/src/YDLidar-SDK/build/CMakeFiles/CMakeTmp'
make: *** [Makefile:121: cmTC_573d6/fast] Error 2



